#-----------------------------------------------------------
# Vivado v2019.1 (64-bit)
# SW Build 2552052 on Fri May 24 14:49:42 MDT 2019
# IP Build 2548770 on Fri May 24 18:01:18 MDT 2019
# Start of session at: Thu Jan 14 02:02:28 2021
# Process ID: 23328
# Current directory: C:/Users/diana/Desktop/SSC2/incercProiectNou
# Command line: vivado.exe -gui_launcher_event rodinguilauncherevent23072 C:\Users\diana\Desktop\SSC2\incercProiectNou\incercProiectNou.xpr
# Log file: C:/Users/diana/Desktop/SSC2/incercProiectNou/vivado.log
# Journal file: C:/Users/diana/Desktop/SSC2/incercProiectNou\vivado.jou
#-----------------------------------------------------------
start_gui
open_project C:/Users/diana/Desktop/SSC2/incercProiectNou/incercProiectNou.xpr
Scanning sources...
Finished scanning sources
INFO: [IP_Flow 19-234] Refreshing IP repositories
INFO: [IP_Flow 19-1704] No user IP repositories specified
INFO: [IP_Flow 19-2313] Loaded Vivado IP repository 'C:/Xilinx/Vivado/2019.1/data/ip'.
open_project: Time (s): cpu = 00:00:16 ; elapsed = 00:00:07 . Memory (MB): peak = 729.141 ; gain = 103.844
update_compile_order -fileset sources_1
exit
INFO: [Common 17-206] Exiting Vivado at Thu Jan 14 02:04:47 2021...
